<?xml version="1.0" encoding="UTF-8"?>
<!-- Generated by org.testng.reporters.JUnitXMLReporter -->
<testsuite ignored="0" hostname="DESKTOP-3UGTBIN" failures="0" tests="13" name="Test" time="507.474" errors="0" timestamp="2024-09-13T07:19:34 IST">
  <testcase classname="amazon_test.Test13_ApplyCouponCode" name="applying_coupon" time="34.929"/>
  <testcase classname="amazon_test.Test15_ReachCart_WithouLogin" name="ReachingCart_WithoutLogin" time="17.327"/>
  <testcase classname="amazon_test.Test2_Login" name="Login_to_Amazon" time="4.938"/>
  <testcase classname="amazon_test.Test12_SelectEachPaymentMethod" name="selecting_each_payemntmethod" time="41.044"/>
  <testcase classname="amazon_test.Test7_Verify_ProductDetailsInfo" name="verify_price_review_description" time="10.96"/>
  <testcase classname="amazon_test.Test6_SearchWithFilters" name="searching_with_filters" time="4.338"/>
  <testcase classname="amazon_test.Test4_EditProfileinfo" name="edit_profile_details" time="17.136"/>
  <testcase classname="amazon_test.Test11_ValidateCheckout" name="validating_select_address_paymethod_revieworder" time="52.965"/>
  <testcase classname="amazon_test.Test5_SearchProduct" name="searching_the_product" time="4.422"/>
  <testcase classname="amazon_test.Test9_AddtoCart" name="add_product_to_cart" time="25.141"/>
  <testcase classname="amazon_test.Test10_AddRemoveProductFromCart" name="updating_productquantityincart" time="28.565"/>
  <testcase classname="amazon_test.Test14_WriteReview" name="write_review_for_lastorderedproduct" time="16.193"/>
  <testcase classname="amazon_test.Test8_SortByFeature" name="sort_product_by" time="3.533"/>
</testsuite> <!-- Test -->
