<?xml version="1.0" encoding="UTF-8"?>
<!-- Generated by org.testng.reporters.JUnitXMLReporter -->
<testsuite ignored="0" hostname="DESKTOP-3UGTBIN" failures="0" tests="14" name="Test" time="696.459" errors="0" timestamp="2024-09-13T09:48:18 IST">
  <testcase classname="amazon_test.Test13_ApplyCouponCode" name="applying_coupon" time="53.684"/>
  <testcase classname="amazon_test.Test15_ReachCart_WithouLogin" name="ReachingCart_WithoutLogin" time="27.669"/>
  <testcase classname="amazon_test.Test2_Login" name="Login_to_Amazon" time="4.989"/>
  <testcase classname="amazon_test.Test12_SelectEachPaymentMethod" name="selecting_each_payemntmethod" time="32.084"/>
  <testcase classname="amazon_test.Test7_Verify_ProductDetailsInfo" name="verify_price_review_description" time="16.491"/>
  <testcase classname="amazon_test.Test6_SearchWithFilters" name="searching_with_filters" time="3.597">
    <skipped/>
  </testcase> <!-- searching_with_filters -->
  <testcase classname="amazon_test.Test6_SearchWithFilters" name="searching_with_filters" time="4.74"/>
  <testcase classname="amazon_test.Test4_EditProfileinfo" name="edit_profile_details" time="31.269"/>
  <testcase classname="amazon_test.Test11_ValidateCheckout" name="validating_select_address_paymethod_revieworder" time="83.238"/>
  <testcase classname="amazon_test.Test5_SearchProduct" name="searching_the_product" time="6.495"/>
  <testcase classname="amazon_test.Test9_AddtoCart" name="add_product_to_cart" time="47.923"/>
  <testcase classname="amazon_test.Test10_AddRemoveProductFromCart" name="updating_productquantityincart" time="41.614"/>
  <testcase classname="amazon_test.Test14_WriteReview" name="write_review_for_lastorderedproduct" time="20.135"/>
  <testcase classname="amazon_test.Test8_SortByFeature" name="sort_product_by" time="5.718"/>
</testsuite> <!-- Test -->
