<?xml version="1.0" encoding="UTF-8"?>
<testsuite xmlns:xsi="http://www.w3.org/2001/XMLSchema-instance" xsi:noNamespaceSchemaLocation="https://maven.apache.org/surefire/maven-surefire-plugin/xsd/surefire-test-report.xsd" version="3.0.2" name="TestSuite" time="697.762" tests="14" errors="0" skipped="1" failures="0">
  <properties>
[...]
</properties>
  <testcase name="applying_coupon" classname="amazon_test.Test13_ApplyCouponCode" time="53.687">
    <system-err><![CDATA[SLF4J: Failed to load class "org.slf4j.impl.StaticLoggerBinder".
SLF4J: Defaulting to no-operation (NOP) logger implementation
SLF4J: See http://www.slf4j.org/codes.html#StaticLoggerBinder for further details.
Sep 13, 2024 9:36:45 AM org.openqa.selenium.devtools.CdpVersionFinder findNearestMatch
WARNING: Unable to find an exact match for CDP version 128, returning the closest version; found: 126; Please update to a Selenium version that supports CDP version 128
ERROR StatusLogger Log4j2 could not find a logging implementation. Please add log4j-core to the classpath. Using SimpleLogger to log to the console...
]]></system-err>
  </testcase>
  <testcase name="ReachingCart_WithoutLogin" classname="amazon_test.Test15_ReachCart_WithouLogin" time="27.675">
    <system-err><![CDATA[Sep 13, 2024 9:37:57 AM org.openqa.selenium.devtools.CdpVersionFinder findNearestMatch
WARNING: Unable to find an exact match for CDP version 128, returning the closest version; found: 126; Please update to a Selenium version that supports CDP version 128
]]></system-err>
  </testcase>
  <testcase name="Login_to_Amazon" classname="amazon_test.Test2_Login" time="4.991">
    <system-err><![CDATA[Sep 13, 2024 9:38:47 AM org.openqa.selenium.devtools.CdpVersionFinder findNearestMatch
WARNING: Unable to find an exact match for CDP version 128, returning the closest version; found: 126; Please update to a Selenium version that supports CDP version 128
]]></system-err>
  </testcase>
  <testcase name="selecting_each_payemntmethod" classname="amazon_test.Test12_SelectEachPaymentMethod" time="32.077">
    <system-err><![CDATA[Sep 13, 2024 9:39:35 AM org.openqa.selenium.devtools.CdpVersionFinder findNearestMatch
WARNING: Unable to find an exact match for CDP version 128, returning the closest version; found: 126; Please update to a Selenium version that supports CDP version 128
]]></system-err>
  </testcase>
  <testcase name="verify_price_review_description" classname="amazon_test.Test7_Verify_ProductDetailsInfo" time="16.49">
    <system-err><![CDATA[Sep 13, 2024 9:40:28 AM org.openqa.selenium.devtools.CdpVersionFinder findNearestMatch
WARNING: Unable to find an exact match for CDP version 128, returning the closest version; found: 126; Please update to a Selenium version that supports CDP version 128
]]></system-err>
  </testcase>
  <testcase name="searching_with_filters" classname="amazon_test.Test6_SearchWithFilters" time="0.0">
    <skipped message="expected [Amazon.in : Books] but found []"/>
    <system-err><![CDATA[Sep 13, 2024 9:41:07 AM org.openqa.selenium.devtools.CdpVersionFinder findNearestMatch
WARNING: Unable to find an exact match for CDP version 128, returning the closest version; found: 126; Please update to a Selenium version that supports CDP version 128
]]></system-err>
  </testcase>
  <testcase name="searching_with_filters" classname="amazon_test.Test6_SearchWithFilters" time="4.74">
    <system-err><![CDATA[Sep 13, 2024 9:41:29 AM org.openqa.selenium.devtools.CdpVersionFinder findNearestMatch
WARNING: Unable to find an exact match for CDP version 128, returning the closest version; found: 126; Please update to a Selenium version that supports CDP version 128
]]></system-err>
  </testcase>
  <testcase name="edit_profile_details" classname="amazon_test.Test4_EditProfileinfo" time="31.266">
    <system-err><![CDATA[Sep 13, 2024 9:41:56 AM org.openqa.selenium.devtools.CdpVersionFinder findNearestMatch
WARNING: Unable to find an exact match for CDP version 128, returning the closest version; found: 126; Please update to a Selenium version that supports CDP version 128
]]></system-err>
  </testcase>
  <testcase name="validating_select_address_paymethod_revieworder" classname="amazon_test.Test11_ValidateCheckout" time="83.234">
    <system-err><![CDATA[Sep 13, 2024 9:42:49 AM org.openqa.selenium.devtools.CdpVersionFinder findNearestMatch
WARNING: Unable to find an exact match for CDP version 128, returning the closest version; found: 126; Please update to a Selenium version that supports CDP version 128
]]></system-err>
  </testcase>
  <testcase name="searching_the_product" classname="amazon_test.Test5_SearchProduct" time="6.493">
    <system-err><![CDATA[Sep 13, 2024 9:44:34 AM org.openqa.selenium.devtools.CdpVersionFinder findNearestMatch
WARNING: Unable to find an exact match for CDP version 128, returning the closest version; found: 126; Please update to a Selenium version that supports CDP version 128
]]></system-err>
  </testcase>
  <testcase name="add_product_to_cart" classname="amazon_test.Test9_AddtoCart" time="47.926">
    <system-err><![CDATA[Sep 13, 2024 9:44:58 AM org.openqa.selenium.devtools.CdpVersionFinder findNearestMatch
WARNING: Unable to find an exact match for CDP version 128, returning the closest version; found: 126; Please update to a Selenium version that supports CDP version 128
]]></system-err>
  </testcase>
  <testcase name="updating_productquantityincart" classname="amazon_test.Test10_AddRemoveProductFromCart" time="41.615">
    <system-err><![CDATA[Sep 13, 2024 9:46:12 AM org.openqa.selenium.devtools.CdpVersionFinder findNearestMatch
WARNING: Unable to find an exact match for CDP version 128, returning the closest version; found: 126; Please update to a Selenium version that supports CDP version 128
]]></system-err>
  </testcase>
  <testcase name="write_review_for_lastorderedproduct" classname="amazon_test.Test14_WriteReview" time="20.134">
    <system-err><![CDATA[Sep 13, 2024 9:47:14 AM org.openqa.selenium.devtools.CdpVersionFinder findNearestMatch
WARNING: Unable to find an exact match for CDP version 128, returning the closest version; found: 126; Please update to a Selenium version that supports CDP version 128
]]></system-err>
  </testcase>
  <testcase name="sort_product_by" classname="amazon_test.Test8_SortByFeature" time="5.719">
    <system-out><![CDATA[https://www.amazon.in/s?k=shoes&s=price-asc-rank&qid=1726201083&ref=sr_st_price-asc-rank&ds=v1%3AAnbmTfmM%2BDJlrRWFMakHDVmKb8wYKfShaC2IfuY0Gw0
]]></system-out>
    <system-err><![CDATA[Sep 13, 2024 9:47:53 AM org.openqa.selenium.devtools.CdpVersionFinder findNearestMatch
WARNING: Unable to find an exact match for CDP version 128, returning the closest version; found: 126; Please update to a Selenium version that supports CDP version 128
]]></system-err>
  </testcase>
</testsuite>