<?xml version="1.0" encoding="UTF-8"?>
<testng-results ignored="0" total="1" passed="1" failed="0" skipped="0">
  <reporter-output>
    <line>
      <![CDATA[Test case is pass, check screenshot for better info]]>
    </line>
  </reporter-output>
  <suite started-at="2024-09-13T09:34:05 IST" name="Default suite" finished-at="2024-09-13T09:35:36 IST" duration-ms="90720">
    <groups>
    </groups>
    <test started-at="2024-09-13T09:34:05 IST" name="Default test" finished-at="2024-09-13T09:35:36 IST" duration-ms="90720">
      <class name="amazon_test.Test11_ValidateCheckout">
        <test-method is-config="true" signature="launch_browser()[pri:0, instance:amazon_test.Test11_ValidateCheckout@2c35e847]" started-at="2024-09-13T09:34:05 IST" name="launch_browser" finished-at="2024-09-13T09:34:18 IST" duration-ms="12282" status="PASS">
          <reporter-output>
          </reporter-output>
        </test-method> <!-- launch_browser -->
        <test-method signature="validating_select_address_paymethod_revieworder()[pri:0, instance:amazon_test.Test11_ValidateCheckout@2c35e847]" started-at="2024-09-13T09:34:18 IST" name="validating_select_address_paymethod_revieworder" finished-at="2024-09-13T09:35:24 IST" duration-ms="66715" status="PASS">
          <reporter-output>
            <line>
              <![CDATA[Test case is pass, check screenshot for better info]]>
            </line>
          </reporter-output>
        </test-method> <!-- validating_select_address_paymethod_revieworder -->
        <test-method is-config="true" signature="quit_browser()[pri:0, instance:amazon_test.Test11_ValidateCheckout@2c35e847]" started-at="2024-09-13T09:35:25 IST" name="quit_browser" finished-at="2024-09-13T09:35:36 IST" duration-ms="11267" status="PASS">
          <reporter-output>
          </reporter-output>
        </test-method> <!-- quit_browser -->
      </class> <!-- amazon_test.Test11_ValidateCheckout -->
    </test> <!-- Default test -->
  </suite> <!-- Default suite -->
</testng-results>
